\BOOKMARK [1][-]{section.1}{\376\377\000A\000\040\000l\000a\000b\000o\000r\000a\000t\000\363\000r\000i\000u\000m\000i\000\040\000m\000u\000n\000k\000a\000\040\000k\000\366\000r\000n\000y\000e\000z\000e\000t\000\351\000n\000e\000k\000\040\000i\000s\000m\000e\000r\000t\000e\000t\000\351\000s\000e\000,\000\040\000a\000\040\000m\000u\000n\000k\000a\000\040\000e\000l\001\121\000z\000m\000\351\000n\000y\000e\000i\000\040\000\351\000s\000\040\000k\000i\000i\000n\000d\000u\000l\000\341\000s\000i\000\040\000\341\000l\000l\000a\000p\000o\000t\000a}{}% 1
\BOOKMARK [2][-]{subsection.1.1}{\376\377\000B\000e\000v\000e\000z\000e\000t\001\121}{section.1}% 2
\BOOKMARK [2][-]{subsection.1.2}{\376\377\000E\000l\000m\000\351\000l\000e\000t\000i\000\040\000\366\000s\000s\000z\000e\000f\000o\000g\000l\000a\000l\000\363}{section.1}% 3
\BOOKMARK [3][-]{subsubsection.1.2.1}{\376\377\000A\000\040\000Q\000U\000I\000C\000\040\000p\000r\000o\000t\000o\000k\000o\000l\000l}{subsection.1.2}% 4
\BOOKMARK [3][-]{subsubsection.1.2.2}{\376\377\000Q\000U\000I\000C\000\040\000m\000u\000l\000t\000i\000p\000a\000t\000h\000\040\000a\000l\000a\000p\000j\000a\000i}{subsection.1.2}% 5
\BOOKMARK [3][-]{subsubsection.1.2.3}{\376\377\000A\000\040\000M\000e\000d\000i\000a\000\040\000o\000v\000e\000r\000\040\000Q\000U\000I\000C\000\040\000\050\000M\000o\000Q\000\051\000\040\000p\000r\000o\000t\000o\000k\000o\000l\000l}{subsection.1.2}% 6
\BOOKMARK [3][-]{subsubsection.1.2.4}{\376\377\000M\000u\000l\000t\000i\000p\000a\000t\000h\000\040\000c\000\351\000l\000j\000a\000\040\000a\000\040\000M\000o\000Q\000-\000b\000a\000n}{subsection.1.2}% 7
\BOOKMARK [2][-]{subsection.1.3}{\376\377\000A\000\040\000m\000u\000n\000k\000a\000\040\000\341\000l\000l\000a\000p\000o\000t\000a\000,\000\040\000k\000\351\000s\000z\000\374\000l\000t\000s\000\351\000g\000i\000\040\000f\000o\000k\000a\000\040\000a\000\040\000f\000\351\000l\000\351\000v\000\040\000e\000l\000e\000j\000\351\000n}{section.1}% 8
\BOOKMARK [1][-]{section.2}{\376\377\000A\000z\000\040\000e\000l\000v\000\351\000g\000z\000e\000t\000t\000\040\000m\000u\000n\000k\000a\000\040\000\351\000s\000\040\000a\000z\000\040\000e\000r\000e\000d\000m\000\351\000n\000y\000e\000k\000\040\000i\000s\000m\000e\000r\000t\000e\000t\000\351\000s\000e}{}% 9
\BOOKMARK [2][-]{subsection.2.1}{\376\377\000A\000\040\000f\000e\000j\000l\000e\000s\000z\000t\000\351\000s\000\040\000\351\000s\000\040\000e\000l\000e\000m\000z\000\351\000s\000\040\000l\000\351\000p\000\351\000s\000e\000i\000\040\000e\000g\000y\000\040\000m\000u\000l\000t\000i\000p\000a\000t\000h\000\040\000d\000e\000m\000o\000n\000s\000t\000r\000\341\000c\000i\000\363\000h\000o\000z}{section.2}% 10
\BOOKMARK [3][-]{subsubsection.2.1.1}{\376\377\000M\000i\000n\000i\000n\000e\000t\000\040\000s\000z\000i\000m\000u\000l\000\341\000c\000i\000\363\000s\000\040\000k\000\366\000r\000n\000y\000e\000z\000e\000t}{subsection.2.1}% 11
\BOOKMARK [3][-]{subsubsection.2.1.2}{\376\377\000A\000\040\000P\000i\000c\000o\000Q\000U\000I\000C\000\040\000p\000r\000o\000g\000r\000a\000m\000k\000\366\000n\000y\000v\000t\000\341\000r}{subsection.2.1}% 12
\BOOKMARK [3][-]{subsubsection.2.1.3}{\376\377\000M\001\161\000k\000\366\000d\000\351\000s\000\040\000e\000l\000e\000m\000z\000\351\000s\000\351\000n\000e\000k\000\040\000m\000\363\000d\000j\000a\000i}{subsection.2.1}% 13
\BOOKMARK [3][-]{subsubsection.2.1.4}{\376\377\000L\000i\000b\000Q\000u\000i\000c\000R\000\040\000f\000e\000l\000\351\000p\000\355\000t\000\351\000s\000e\000\040\000\351\000s\000\040\000\341\000t\000a\000l\000a\000k\000\355\000t\000\341\000s\000a}{subsection.2.1}% 14
\BOOKMARK [3][-]{subsubsection.2.1.5}{\376\377\000F\000u\000n\000k\000c\000i\000o\000n\000\341\000l\000i\000s\000\040\000t\000e\000s\000z\000t\000e\000l\000\351\000s}{subsection.2.1}% 15
\BOOKMARK [2][-]{subsection.2.2}{\376\377\000\326\000s\000s\000z\000e\000f\000o\000g\000l\000a\000l\000\341\000s}{section.2}% 16
\BOOKMARK [3][-]{subsubsection.2.2.1}{\376\377\000F\000\351\000l\000\351\000v\000e\000s\000\040\000f\000e\000l\000a\000d\000a\000t\000\040\000\366\000s\000s\000z\000e\000f\000o\000g\000l\000a\000l\000\341\000s\000a}{subsection.2.2}% 17
\BOOKMARK [3][-]{subsubsection.2.2.2}{\376\377\000F\000e\000l\000a\000d\000a\000t\000\040\000\351\000r\000d\000e\000k\000e\000s\000s\000\351\000g\000e}{subsection.2.2}% 18
\BOOKMARK [3][-]{subsubsection.2.2.3}{\376\377\000A\000\040\000m\000u\000n\000k\000a\000\040\000s\000o\000r\000\341\000n\000\040\000h\000a\000s\000z\000n\000\341\000l\000t\000\040\000e\000s\000z\000k\000\366\000z\000\366\000k}{subsection.2.2}% 19
\BOOKMARK [3][-]{subsubsection.2.2.4}{\376\377\000L\000e\000g\000f\000o\000n\000t\000o\000s\000a\000b\000b\000\040\000e\000r\000e\000d\000m\000\351\000n\000y\000e\000i\000\040\000a\000\040\000m\000u\000n\000k\000\341\000n\000a\000k}{subsection.2.2}% 20
\BOOKMARK [3][-]{subsubsection.2.2.5}{\376\377\000E\000g\000y\000\351\000b\000\040\000k\000\366\000v\000e\000t\000k\000e\000z\000t\000e\000t\000\351\000s\000e\000k}{subsection.2.2}% 21
\BOOKMARK [1][-]{section.3}{\376\377\000I\000r\000o\000d\000a\000l\000o\000m\000,\000\040\000\351\000s\000\040\000c\000s\000a\000t\000l\000a\000k\000o\000z\000\363\000\040\000d\000o\000k\000u\000m\000e\000n\000t\000u\000m\000o\000k\000\040\000j\000e\000g\000y\000z\000\351\000k\000e}{}% 22
\BOOKMARK [2][-]{subsection.3.1}{\376\377\000A\000\040\000t\000a\000n\000u\000l\000m\000\341\000n\000y\000o\000z\000o\000t\000t\000\040\000i\000r\000o\000d\000a\000l\000o\000m\000\040\000j\000e\000g\000y\000z\000\351\000k\000e}{section.3}% 23
\BOOKMARK [2][-]{subsection.3.2}{\376\377\000A\000\040\000c\000s\000a\000t\000l\000a\000k\000o\000z\000\363\000\040\000d\000o\000k\000u\000m\000e\000n\000t\000u\000m\000o\000k\000\040\000j\000e\000g\000y\000z\000\351\000k\000e}{section.3}% 24
